Watching for file changes with StatReloader
"GET / HTTP/1.1" 200 4683
"GET / HTTP/1.1" 200 4683
"GET /new-post HTTP/1.1" 200 4472
C:\Users\Asus\decode\posts\mysite\blog\views.py changed, reloading.
Watching for file changes with StatReloader
C:\Users\Asus\decode\posts\mysite\blog\views.py changed, reloading.
Watching for file changes with StatReloader
"GET / HTTP/1.1" 200 4683
C:\Users\Asus\decode\posts\mysite\mysite\settings.py changed, reloading.
Watching for file changes with StatReloader
C:\Users\Asus\decode\posts\mysite\mysite\settings.py changed, reloading.
Watching for file changes with StatReloader
MAIN
New post
"GET / HTTP/1.1" 200 4683
C:\Users\Asus\decode\posts\mysite\mysite\settings.py changed, reloading.
MAIN
New post
MAIN
New post
warning do something
MAIN
New post
warning do something
MAIN
New post
warning do something
CRITICAL 2022-11-25 20:45:19,423 views 13644 3092 MAIN
CRITICAL 2022-11-25 20:45:19,439 views 13644 3092 New post
WARNING 2022-11-25 20:45:19,446 views 13644 3092 warning do something
CRITICAL 2022-11-25 20:48:38,971 views 11292 19596 MAIN 12356456
CRITICAL 2022-11-25 20:48:38,990 views 11292 19596 New post
WARNING 2022-11-25 20:48:38,995 views 11292 19596 warning do something
CRITICAL 2022-11-25 20:48:41,810 views 20952 3492 MAIN 
CRITICAL 2022-11-25 20:48:41,833 views 20952 3492 New post
WARNING 2022-11-25 20:48:41,837 views 20952 3492 warning do something
CRITICAL 2022-11-25 20:48:43,774 views 2744 9916 MAIN 
CRITICAL 2022-11-25 20:48:43,793 views 2744 9916 New post
WARNING 2022-11-25 20:48:43,796 views 2744 9916 warning do something
CRITICAL 2022-11-25 20:48:53,871 views 10992 10320 New post
WARNING 2022-11-25 20:48:53,875 views 10992 10320 warning do something
CRITICAL 2022-11-25 20:49:07,656 views 21016 18772 MAIN <QuerySet [<Post: Чемпионат мира по футболу 2022>, <Post: Выборы в Казахстане>]>
CRITICAL 2022-11-25 20:49:07,657 views 21016 18772 New post
WARNING 2022-11-25 20:49:07,662 views 21016 18772 warning do something
CRITICAL 2022-11-25 20:49:42,388 views 8056 5272 MAIN Чемпионат мира по футболу 2022
CRITICAL 2022-11-25 20:49:42,389 views 8056 5272 New post
WARNING 2022-11-25 20:49:42,396 views 8056 5272 warning do something
CRITICAL 2022-11-25 20:53:33,777 views 11172 3296 MAIN Чемпионат мира по футболу 2022
CRITICAL 2022-11-25 20:53:33,778 views 11172 3296 New post
WARNING 2022-11-25 20:53:33,783 views 11172 3296 warning do something
CRITICAL 2023-01-16 18:50:50,347 views 17396 19544 MAIN Чемпионат мира по футболу 2022
CRITICAL 2023-01-16 18:50:50,347 views 17396 19544 New post
WARNING 2023-01-16 18:50:50,351 views 17396 19544 warning do something
CRITICAL 2023-01-16 20:10:44,723 views 20736 18388 MAIN Чемпионат мира по футболу 2022
CRITICAL 2023-01-16 20:10:44,724 views 20736 18388 New post
WARNING 2023-01-16 20:10:44,728 views 20736 18388 warning do something
CRITICAL 2023-06-24 15:51:38,267 views 26144 13548 MAIN Чемпионат мира по футболу 2022
CRITICAL 2023-06-24 15:51:38,270 views 26144 13548 New post
WARNING 2023-06-24 15:51:38,291 views 26144 13548 warning do something
CRITICAL 2023-06-24 15:59:43,200 views 14732 16540 MAIN Чемпионат мира по футболу 2022
CRITICAL 2023-06-24 15:59:43,201 views 14732 16540 New post
WARNING 2023-06-24 15:59:43,206 views 14732 16540 warning do something
CRITICAL 2023-06-24 15:59:45,112 views 18608 18592 MAIN Чемпионат мира по футболу 2022
CRITICAL 2023-06-24 15:59:45,112 views 18608 18592 New post
WARNING 2023-06-24 15:59:45,119 views 18608 18592 warning do something
CRITICAL 2023-06-24 15:59:53,205 views 15276 22464 MAIN Чемпионат мира по футболу 2022
CRITICAL 2023-06-24 15:59:53,207 views 15276 22464 New post
WARNING 2023-06-24 15:59:53,215 views 15276 22464 warning do something
CRITICAL 2023-06-24 15:59:56,157 views 5424 24808 MAIN Чемпионат мира по футболу 2022
CRITICAL 2023-06-24 15:59:56,158 views 5424 24808 New post
WARNING 2023-06-24 15:59:56,166 views 5424 24808 warning do something
CRITICAL 2023-06-24 15:59:59,830 views 17636 2456 MAIN Чемпионат мира по футболу 2022
CRITICAL 2023-06-24 15:59:59,832 views 17636 2456 New post
WARNING 2023-06-24 15:59:59,842 views 17636 2456 warning do something
CRITICAL 2023-06-24 16:00:01,780 views 2304 9564 MAIN Чемпионат мира по футболу 2022
CRITICAL 2023-06-24 16:00:01,781 views 2304 9564 New post
WARNING 2023-06-24 16:00:01,788 views 2304 9564 warning do something
CRITICAL 2023-06-24 16:00:06,811 views 24980 8260 MAIN Чемпионат мира по футболу 2022
CRITICAL 2023-06-24 16:00:06,811 views 24980 8260 New post
WARNING 2023-06-24 16:00:06,818 views 24980 8260 warning do something
CRITICAL 2023-06-24 16:00:09,754 views 9676 4900 MAIN Чемпионат мира по футболу 2022
CRITICAL 2023-06-24 16:00:09,755 views 9676 4900 New post
WARNING 2023-06-24 16:00:09,763 views 9676 4900 warning do something
CRITICAL 2023-06-24 16:00:15,153 views 24508 1860 MAIN Чемпионат мира по футболу 2022
CRITICAL 2023-06-24 16:00:15,154 views 24508 1860 New post
WARNING 2023-06-24 16:00:15,163 views 24508 1860 warning do something
CRITICAL 2023-06-24 16:00:17,227 views 4012 24012 MAIN Чемпионат мира по футболу 2022
CRITICAL 2023-06-24 16:00:17,227 views 4012 24012 New post
WARNING 2023-06-24 16:00:17,234 views 4012 24012 warning do something
CRITICAL 2023-06-24 16:00:44,249 views 19416 4312 MAIN Чемпионат мира по футболу 2022
CRITICAL 2023-06-24 16:00:44,250 views 19416 4312 New post
WARNING 2023-06-24 16:00:44,258 views 19416 4312 warning do something
CRITICAL 2023-06-24 16:00:46,217 views 14752 336 MAIN Чемпионат мира по футболу 2022
CRITICAL 2023-06-24 16:00:46,217 views 14752 336 New post
WARNING 2023-06-24 16:00:46,224 views 14752 336 warning do something
CRITICAL 2023-06-24 16:00:49,187 views 27404 8448 MAIN Чемпионат мира по футболу 2022
CRITICAL 2023-06-24 16:00:49,188 views 27404 8448 New post
WARNING 2023-06-24 16:00:49,200 views 27404 8448 warning do something
CRITICAL 2023-06-24 16:00:53,318 views 14236 25080 MAIN Чемпионат мира по футболу 2022
CRITICAL 2023-06-24 16:00:53,319 views 14236 25080 New post
WARNING 2023-06-24 16:00:53,329 views 14236 25080 warning do something
CRITICAL 2023-06-24 16:02:48,161 views 10456 18092 MAIN Выборы в Казахстане
CRITICAL 2023-06-24 16:02:48,161 views 10456 18092 New post
WARNING 2023-06-24 16:02:48,167 views 10456 18092 warning do something
CRITICAL 2023-06-24 16:03:35,167 views 2432 22384 MAIN Чемпионат мира по футболу 2022
CRITICAL 2023-06-24 16:03:35,167 views 2432 22384 New post
WARNING 2023-06-24 16:03:35,177 views 2432 22384 warning do something
CRITICAL 2023-06-24 16:04:25,393 views 20324 18260 MAIN Чемпионат мира по футболу 2022
WARNING 2023-06-24 16:04:25,399 views 20324 18260 warning do something
CRITICAL 2023-06-24 16:05:16,745 views 24672 24928 MAIN Выборы в Казахстане
WARNING 2023-06-24 16:05:16,754 views 24672 24928 warning do something
CRITICAL 2023-06-24 16:06:03,271 views 23344 21068 MAIN hello world
WARNING 2023-06-24 16:06:03,278 views 23344 21068 warning do something
CRITICAL 2023-06-24 16:06:28,896 views 10364 15196 MAIN hello world
WARNING 2023-06-24 16:06:28,929 views 10364 15196 warning do something
CRITICAL 2023-06-24 16:06:33,153 views 26588 17688 MAIN hello world
WARNING 2023-06-24 16:06:33,163 views 26588 17688 warning do something
CRITICAL 2023-06-24 16:06:36,073 views 12096 14340 MAIN hello world
WARNING 2023-06-24 16:06:36,080 views 12096 14340 warning do something
CRITICAL 2023-06-24 16:06:44,549 views 4816 25428 MAIN hello world
WARNING 2023-06-24 16:06:44,573 views 4816 25428 warning do something
CRITICAL 2023-06-24 16:06:52,830 views 21868 15748 MAIN hello world
WARNING 2023-06-24 16:06:52,837 views 21868 15748 warning do something
CRITICAL 2023-06-24 16:06:57,163 views 13864 17628 MAIN hello world
WARNING 2023-06-24 16:06:57,169 views 13864 17628 warning do something
CRITICAL 2023-06-24 16:07:06,725 views 22176 7944 MAIN hello world
WARNING 2023-06-24 16:07:06,730 views 22176 7944 warning do something
CRITICAL 2023-06-24 16:07:45,530 views 22876 23628 MAIN hello world
WARNING 2023-06-24 16:07:45,539 views 22876 23628 warning do something
CRITICAL 2023-06-24 16:07:51,710 views 15012 22860 MAIN hello world
WARNING 2023-06-24 16:07:51,717 views 15012 22860 warning do something
CRITICAL 2023-06-24 16:07:57,133 views 24256 12788 MAIN hello world
WARNING 2023-06-24 16:07:57,143 views 24256 12788 warning do something
CRITICAL 2023-06-24 16:07:59,111 views 14092 11792 MAIN hello world
WARNING 2023-06-24 16:07:59,119 views 14092 11792 warning do something
CRITICAL 2023-06-24 16:08:04,259 views 15268 4836 MAIN hello world
WARNING 2023-06-24 16:08:04,277 views 15268 4836 warning do something
CRITICAL 2023-06-24 16:10:46,600 views 27220 3820 MAIN hello world
WARNING 2023-06-24 16:10:46,609 views 27220 3820 warning do something
CRITICAL 2023-06-24 16:10:48,634 views 12596 27580 MAIN hello world
WARNING 2023-06-24 16:10:48,640 views 12596 27580 warning do something
CRITICAL 2023-06-24 16:10:56,975 views 10168 8464 MAIN hello world
WARNING 2023-06-24 16:10:56,982 views 10168 8464 warning do something
CRITICAL 2023-06-24 16:11:03,064 views 6168 3032 MAIN hello world
WARNING 2023-06-24 16:11:03,070 views 6168 3032 warning do something
WARNING 2023-06-24 16:12:45,118 views 24784 24192 warning do something
WARNING 2023-06-24 16:15:24,418 views 3492 18892 warning do something
WARNING 2023-06-24 16:21:08,316 views 3116 20172 warning do something
WARNING 2023-06-24 16:27:42,885 views 27608 1736 warning do something
WARNING 2023-06-24 16:27:45,996 views 18992 24592 warning do something
